[6.642s] DEBUG:colcon:Command line arguments: ['/usr/bin/colcon', 'build']
[6.642s] DEBUG:colcon:Parsed command line arguments: Namespace(allow_overriding=[], ament_cmake_args=None, base_paths=['.'], build_base='build', catkin_cmake_args=None, catkin_skip_building_tests=False, cmake_args=None, cmake_clean_cache=False, cmake_clean_first=False, cmake_force_configure=False, cmake_target=None, cmake_target_skip_unavailable=False, continue_on_error=False, event_handlers=None, executor='parallel', ignore_user_meta=False, install_base='install', log_base=None, log_level=None, main=<bound method BuildVerb.main of <colcon_core.verb.build.BuildVerb object at 0x7f2b329f8b20>>, merge_install=False, metas=['./colcon.meta'], packages_above=None, packages_above_and_dependencies=None, packages_above_depth=None, packages_end=None, packages_ignore=None, packages_ignore_regex=None, packages_select=None, packages_select_build_failed=False, packages_select_by_dep=None, packages_select_regex=None, packages_select_test_failures=False, packages_skip=None, packages_skip_build_finished=False, packages_skip_by_dep=None, packages_skip_regex=None, packages_skip_test_passed=False, packages_skip_up_to=None, packages_start=None, packages_up_to=None, packages_up_to_regex=None, parallel_workers=4, paths=None, symlink_install=False, test_result_base=None, verb_extension=<colcon_core.verb.build.BuildVerb object at 0x7f2b329f8b20>, verb_name='build', verb_parser=<colcon_defaults.argument_parser.defaults.DefaultArgumentsDecorator object at 0x7f2b329f84c0>)
[6.912s] Level 1:colcon.colcon_core.package_discovery:discover_packages(colcon_meta) check parameters
[6.912s] Level 1:colcon.colcon_core.package_discovery:discover_packages(recursive) check parameters
[6.912s] Level 1:colcon.colcon_core.package_discovery:discover_packages(ignore) check parameters
[6.912s] Level 1:colcon.colcon_core.package_discovery:discover_packages(path) check parameters
[6.912s] Level 1:colcon.colcon_core.package_discovery:discover_packages(colcon_meta) discover
[6.912s] Level 1:colcon.colcon_core.package_discovery:discover_packages(recursive) discover
[6.912s] INFO:colcon.colcon_core.package_discovery:Crawling recursively for packages in '/home/megekol/git/ros'
[6.912s] Level 1:colcon.colcon_core.package_identification:_identify(.) by extensions ['ignore', 'ignore_ament_install']
[6.912s] Level 1:colcon.colcon_core.package_identification:_identify(.) by extension 'ignore'
[6.912s] Level 1:colcon.colcon_core.package_identification:_identify(.) by extension 'ignore_ament_install'
[6.913s] Level 1:colcon.colcon_core.package_identification:_identify(.) by extensions ['colcon_pkg']
[6.913s] Level 1:colcon.colcon_core.package_identification:_identify(.) by extension 'colcon_pkg'
[6.913s] Level 1:colcon.colcon_core.package_identification:_identify(.) by extensions ['colcon_meta']
[6.913s] Level 1:colcon.colcon_core.package_identification:_identify(.) by extension 'colcon_meta'
[6.913s] Level 1:colcon.colcon_core.package_identification:_identify(.) by extensions ['ros']
[6.913s] Level 1:colcon.colcon_core.package_identification:_identify(.) by extension 'ros'
[6.926s] Level 1:colcon.colcon_core.package_identification:_identify(.) by extensions ['cmake', 'python']
[6.926s] Level 1:colcon.colcon_core.package_identification:_identify(.) by extension 'cmake'
[6.926s] Level 1:colcon.colcon_core.package_identification:_identify(.) by extension 'python'
[6.927s] Level 1:colcon.colcon_core.package_identification:_identify(.) by extensions ['python_setup_py']
[6.927s] Level 1:colcon.colcon_core.package_identification:_identify(.) by extension 'python_setup_py'
[6.927s] Level 1:colcon.colcon_core.package_identification:_identify(build) by extensions ['ignore', 'ignore_ament_install']
[6.927s] Level 1:colcon.colcon_core.package_identification:_identify(build) by extension 'ignore'
[6.927s] Level 1:colcon.colcon_core.package_identification:_identify(build) ignored
[6.927s] Level 1:colcon.colcon_core.package_identification:_identify(install) by extensions ['ignore', 'ignore_ament_install']
[6.927s] Level 1:colcon.colcon_core.package_identification:_identify(install) by extension 'ignore'
[6.927s] Level 1:colcon.colcon_core.package_identification:_identify(install) ignored
[6.927s] Level 1:colcon.colcon_core.package_identification:_identify(log) by extensions ['ignore', 'ignore_ament_install']
[6.927s] Level 1:colcon.colcon_core.package_identification:_identify(log) by extension 'ignore'
[6.927s] Level 1:colcon.colcon_core.package_identification:_identify(log) ignored
[6.927s] Level 1:colcon.colcon_core.package_identification:_identify(src) by extensions ['ignore', 'ignore_ament_install']
[6.928s] Level 1:colcon.colcon_core.package_identification:_identify(src) by extension 'ignore'
[6.928s] Level 1:colcon.colcon_core.package_identification:_identify(src) by extension 'ignore_ament_install'
[6.928s] Level 1:colcon.colcon_core.package_identification:_identify(src) by extensions ['colcon_pkg']
[6.928s] Level 1:colcon.colcon_core.package_identification:_identify(src) by extension 'colcon_pkg'
[6.928s] Level 1:colcon.colcon_core.package_identification:_identify(src) by extensions ['colcon_meta']
[6.928s] Level 1:colcon.colcon_core.package_identification:_identify(src) by extension 'colcon_meta'
[6.928s] Level 1:colcon.colcon_core.package_identification:_identify(src) by extensions ['ros']
[6.928s] Level 1:colcon.colcon_core.package_identification:_identify(src) by extension 'ros'
[6.928s] Level 1:colcon.colcon_core.package_identification:_identify(src) by extensions ['cmake', 'python']
[6.928s] Level 1:colcon.colcon_core.package_identification:_identify(src) by extension 'cmake'
[6.928s] Level 1:colcon.colcon_core.package_identification:_identify(src) by extension 'python'
[6.928s] Level 1:colcon.colcon_core.package_identification:_identify(src) by extensions ['python_setup_py']
[6.928s] Level 1:colcon.colcon_core.package_identification:_identify(src) by extension 'python_setup_py'
[6.928s] Level 1:colcon.colcon_core.package_identification:_identify(src/hello) by extensions ['ignore', 'ignore_ament_install']
[6.928s] Level 1:colcon.colcon_core.package_identification:_identify(src/hello) by extension 'ignore'
[6.928s] Level 1:colcon.colcon_core.package_identification:_identify(src/hello) by extension 'ignore_ament_install'
[6.928s] Level 1:colcon.colcon_core.package_identification:_identify(src/hello) by extensions ['colcon_pkg']
[6.928s] Level 1:colcon.colcon_core.package_identification:_identify(src/hello) by extension 'colcon_pkg'
[6.928s] Level 1:colcon.colcon_core.package_identification:_identify(src/hello) by extensions ['colcon_meta']
[6.929s] Level 1:colcon.colcon_core.package_identification:_identify(src/hello) by extension 'colcon_meta'
[6.929s] Level 1:colcon.colcon_core.package_identification:_identify(src/hello) by extensions ['ros']
[6.929s] Level 1:colcon.colcon_core.package_identification:_identify(src/hello) by extension 'ros'
[6.931s] DEBUG:colcon.colcon_core.package_identification:Package 'src/hello' with type 'ros.ament_cmake' and name 'hello'
[6.932s] Level 1:colcon.colcon_core.package_discovery:discover_packages(recursive) using defaults
[6.932s] Level 1:colcon.colcon_core.package_discovery:discover_packages(ignore) discover
[6.932s] Level 1:colcon.colcon_core.package_discovery:discover_packages(ignore) using defaults
[6.932s] Level 1:colcon.colcon_core.package_discovery:discover_packages(path) discover
[6.932s] Level 1:colcon.colcon_core.package_discovery:discover_packages(path) using defaults
[7.568s] Level 1:colcon.colcon_core.package_discovery:discover_packages(prefix_path) check parameters
[7.568s] Level 1:colcon.colcon_core.package_discovery:discover_packages(prefix_path) discover
[7.809s] DEBUG:colcon.colcon_installed_package_information.package_discovery:Found 256 installed packages in /opt/ros/foxy
[7.811s] Level 1:colcon.colcon_core.package_discovery:discover_packages(prefix_path) using defaults
[8.125s] Level 5:colcon.colcon_core.verb:set package 'hello' build argument 'cmake_args' from command line to 'None'
[8.125s] Level 5:colcon.colcon_core.verb:set package 'hello' build argument 'cmake_target' from command line to 'None'
[8.125s] Level 5:colcon.colcon_core.verb:set package 'hello' build argument 'cmake_target_skip_unavailable' from command line to 'False'
[8.125s] Level 5:colcon.colcon_core.verb:set package 'hello' build argument 'cmake_clean_cache' from command line to 'False'
[8.125s] Level 5:colcon.colcon_core.verb:set package 'hello' build argument 'cmake_clean_first' from command line to 'False'
[8.125s] Level 5:colcon.colcon_core.verb:set package 'hello' build argument 'cmake_force_configure' from command line to 'False'
[8.126s] Level 5:colcon.colcon_core.verb:set package 'hello' build argument 'ament_cmake_args' from command line to 'None'
[8.126s] Level 5:colcon.colcon_core.verb:set package 'hello' build argument 'catkin_cmake_args' from command line to 'None'
[8.126s] Level 5:colcon.colcon_core.verb:set package 'hello' build argument 'catkin_skip_building_tests' from command line to 'False'
[8.126s] DEBUG:colcon.colcon_core.verb:Building package 'hello' with the following arguments: {'ament_cmake_args': None, 'build_base': '/home/megekol/git/ros/build/hello', 'catkin_cmake_args': None, 'catkin_skip_building_tests': False, 'cmake_args': None, 'cmake_clean_cache': False, 'cmake_clean_first': False, 'cmake_force_configure': False, 'cmake_target': None, 'cmake_target_skip_unavailable': False, 'install_base': '/home/megekol/git/ros/install/hello', 'merge_install': False, 'path': '/home/megekol/git/ros/src/hello', 'symlink_install': False, 'test_result_base': None}
[8.242s] INFO:colcon.colcon_core.executor:Executing jobs using 'parallel' executor
[8.360s] DEBUG:colcon.colcon_parallel_executor.executor.parallel:run_until_complete
[8.361s] INFO:colcon.colcon_ros.task.ament_cmake.build:Building ROS package in '/home/megekol/git/ros/src/hello' with build type 'ament_cmake'
[8.361s] INFO:colcon.colcon_cmake.task.cmake.build:Building CMake package in '/home/megekol/git/ros/src/hello'
[8.492s] INFO:colcon.colcon_core.plugin_system:Skipping extension 'colcon_core.shell.bat': Not used on non-Windows systems
[8.493s] INFO:colcon.colcon_core.shell:Skip shell extension 'powershell' for command environment: Not usable outside of PowerShell
[8.493s] DEBUG:colcon.colcon_core.shell:Skip shell extension 'dsv' for command environment
[8.765s] DEBUG:colcon.colcon_core.event_handler.log_command:Invoking command in '/home/megekol/git/ros/build/hello': CMAKE_PREFIX_PATH=/opt/ros/foxy /usr/bin/cmake --build /home/megekol/git/ros/build/hello -- -j4 -l4
[11.013s] DEBUG:colcon.colcon_core.event_handler.log_command:Invoked command in '/home/megekol/git/ros/build/hello' returned '0': CMAKE_PREFIX_PATH=/opt/ros/foxy /usr/bin/cmake --build /home/megekol/git/ros/build/hello -- -j4 -l4
[11.059s] DEBUG:colcon.colcon_core.event_handler.log_command:Invoking command in '/home/megekol/git/ros/build/hello': CMAKE_PREFIX_PATH=/opt/ros/foxy /usr/bin/cmake --install /home/megekol/git/ros/build/hello
[11.073s] Level 1:colcon.colcon_core.environment:create_environment_scripts_only(hello)
[11.074s] DEBUG:colcon.colcon_core.event_handler.log_command:Invoked command in '/home/megekol/git/ros/build/hello' returned '0': CMAKE_PREFIX_PATH=/opt/ros/foxy /usr/bin/cmake --install /home/megekol/git/ros/build/hello
[11.205s] Level 1:colcon.colcon_core.environment:checking '/home/megekol/git/ros/install/hello' for CMake module files
[11.205s] Level 1:colcon.colcon_core.environment:checking '/home/megekol/git/ros/install/hello' for CMake config files
[11.206s] Level 1:colcon.colcon_core.shell:create_environment_hook('hello', 'cmake_prefix_path')
[11.329s] INFO:colcon.colcon_core.shell:Creating environment hook '/home/megekol/git/ros/install/hello/share/hello/hook/cmake_prefix_path.ps1'
[11.330s] INFO:colcon.colcon_core.shell:Creating environment descriptor '/home/megekol/git/ros/install/hello/share/hello/hook/cmake_prefix_path.dsv'
[11.331s] INFO:colcon.colcon_core.shell:Creating environment hook '/home/megekol/git/ros/install/hello/share/hello/hook/cmake_prefix_path.sh'
[11.332s] Level 1:colcon.colcon_core.environment:checking '/home/megekol/git/ros/install/hello/lib'
[11.332s] Level 1:colcon.colcon_core.environment:checking '/home/megekol/git/ros/install/hello/bin'
[11.332s] Level 1:colcon.colcon_core.environment:checking '/home/megekol/git/ros/install/hello/lib/pkgconfig/hello.pc'
[11.333s] Level 1:colcon.colcon_core.environment:checking '/home/megekol/git/ros/install/hello/lib/python3.8/site-packages'
[11.333s] Level 1:colcon.colcon_core.environment:checking '/home/megekol/git/ros/install/hello/bin'
[11.456s] INFO:colcon.colcon_core.shell:Creating package script '/home/megekol/git/ros/install/hello/share/hello/package.ps1'
[11.457s] INFO:colcon.colcon_core.shell:Creating package descriptor '/home/megekol/git/ros/install/hello/share/hello/package.dsv'
[11.458s] INFO:colcon.colcon_core.shell:Creating package script '/home/megekol/git/ros/install/hello/share/hello/package.sh'
[11.459s] INFO:colcon.colcon_core.shell:Creating package script '/home/megekol/git/ros/install/hello/share/hello/package.bash'
[11.460s] INFO:colcon.colcon_core.shell:Creating package script '/home/megekol/git/ros/install/hello/share/hello/package.zsh'
[11.460s] Level 1:colcon.colcon_core.environment:create_file_with_runtime_dependencies(/home/megekol/git/ros/install/hello/share/colcon-core/packages/hello)
[11.616s] Level 1:colcon.colcon_core.environment:create_environment_scripts_only(hello)
[11.739s] Level 1:colcon.colcon_core.environment:checking '/home/megekol/git/ros/install/hello' for CMake module files
[11.740s] Level 1:colcon.colcon_core.environment:checking '/home/megekol/git/ros/install/hello' for CMake config files
[11.740s] Level 1:colcon.colcon_core.shell:create_environment_hook('hello', 'cmake_prefix_path')
[11.862s] INFO:colcon.colcon_core.shell:Creating environment hook '/home/megekol/git/ros/install/hello/share/hello/hook/cmake_prefix_path.ps1'
[11.863s] INFO:colcon.colcon_core.shell:Creating environment descriptor '/home/megekol/git/ros/install/hello/share/hello/hook/cmake_prefix_path.dsv'
[11.863s] INFO:colcon.colcon_core.shell:Creating environment hook '/home/megekol/git/ros/install/hello/share/hello/hook/cmake_prefix_path.sh'
[11.864s] Level 1:colcon.colcon_core.environment:checking '/home/megekol/git/ros/install/hello/lib'
[11.864s] Level 1:colcon.colcon_core.environment:checking '/home/megekol/git/ros/install/hello/bin'
[11.864s] Level 1:colcon.colcon_core.environment:checking '/home/megekol/git/ros/install/hello/lib/pkgconfig/hello.pc'
[11.864s] Level 1:colcon.colcon_core.environment:checking '/home/megekol/git/ros/install/hello/lib/python3.8/site-packages'
[11.865s] Level 1:colcon.colcon_core.environment:checking '/home/megekol/git/ros/install/hello/bin'
[11.988s] INFO:colcon.colcon_core.shell:Creating package script '/home/megekol/git/ros/install/hello/share/hello/package.ps1'
[11.989s] INFO:colcon.colcon_core.shell:Creating package descriptor '/home/megekol/git/ros/install/hello/share/hello/package.dsv'
[11.990s] INFO:colcon.colcon_core.shell:Creating package script '/home/megekol/git/ros/install/hello/share/hello/package.sh'
[11.990s] INFO:colcon.colcon_core.shell:Creating package script '/home/megekol/git/ros/install/hello/share/hello/package.bash'
[11.991s] INFO:colcon.colcon_core.shell:Creating package script '/home/megekol/git/ros/install/hello/share/hello/package.zsh'
[11.991s] Level 1:colcon.colcon_core.environment:create_file_with_runtime_dependencies(/home/megekol/git/ros/install/hello/share/colcon-core/packages/hello)
[11.992s] DEBUG:colcon.colcon_parallel_executor.executor.parallel:closing loop
[11.992s] DEBUG:colcon.colcon_parallel_executor.executor.parallel:loop closed
[11.992s] DEBUG:colcon.colcon_parallel_executor.executor.parallel:run_until_complete finished with '0'
[11.993s] DEBUG:colcon.colcon_core.event_reactor:joining thread
[12.126s] INFO:colcon.colcon_core.plugin_system:Skipping extension 'colcon_notification.desktop_notification.terminal_notifier': Not used on non-Darwin systems
[12.126s] INFO:colcon.colcon_core.plugin_system:Skipping extension 'colcon_notification.desktop_notification.win32': Not used on non-Windows systems
[12.126s] INFO:colcon.colcon_notification.desktop_notification:Sending desktop notification using 'notify2'
[12.144s] DEBUG:colcon.colcon_core.event_reactor:joined thread
[12.286s] INFO:colcon.colcon_core.shell:Creating prefix script '/home/megekol/git/ros/install/local_setup.ps1'
[12.288s] INFO:colcon.colcon_core.shell:Creating prefix util module '/home/megekol/git/ros/install/_local_setup_util_ps1.py'
[12.290s] INFO:colcon.colcon_core.shell:Creating prefix chain script '/home/megekol/git/ros/install/setup.ps1'
[12.419s] INFO:colcon.colcon_core.shell:Creating prefix script '/home/megekol/git/ros/install/local_setup.sh'
[12.420s] INFO:colcon.colcon_core.shell:Creating prefix util module '/home/megekol/git/ros/install/_local_setup_util_sh.py'
[12.421s] INFO:colcon.colcon_core.shell:Creating prefix chain script '/home/megekol/git/ros/install/setup.sh'
[12.546s] INFO:colcon.colcon_core.shell:Creating prefix script '/home/megekol/git/ros/install/local_setup.bash'
[12.546s] INFO:colcon.colcon_core.shell:Creating prefix chain script '/home/megekol/git/ros/install/setup.bash'
[12.668s] INFO:colcon.colcon_core.shell:Creating prefix script '/home/megekol/git/ros/install/local_setup.zsh'
[12.669s] INFO:colcon.colcon_core.shell:Creating prefix chain script '/home/megekol/git/ros/install/setup.zsh'
