[0.408s] Invoking command in '/home/megekol/git/ros/build/hello': CMAKE_PREFIX_PATH=/opt/ros/foxy /usr/bin/cmake --build /home/megekol/git/ros/build/hello -- -j4 -l4
[0.460s] [35m[1mScanning dependencies of target hello[0m
[0.489s] [ 50%] [32mBuilding CXX object CMakeFiles/hello.dir/src/hello.cpp.o[0m
[1.944s] [01m[K/home/megekol/git/ros/src/hello/src/hello.cpp:[m[K In function ‘[01m[Kint main(int, char**)[m[K’:
[1.944s] [01m[K/home/megekol/git/ros/src/hello/src/hello.cpp:14:38:[m[K [01;31m[Kerror: [m[Kexpected ‘[01m[K,[m[K’ or ‘[01m[K;[m[K’ before string constant
[1.944s]    14 |  auto node = std::make_shared<MyNode>[01;31m[K"leon"[m[K;
[1.944s]       |                                      [01;31m[K^~~~~~[m[K
[1.945s] [01m[K/home/megekol/git/ros/src/hello/src/hello.cpp:15:19:[m[K [01;31m[Kerror: [m[Kno matching function for call to ‘[01m[Kspin(std::shared_ptr<MyNode> (*&)())[m[K’
[1.945s]    15 |  rclcpp::spin(node[01;31m[K)[m[K;
[1.945s]       |                   [01;31m[K^[m[K
[1.945s] In file included from [01m[K/opt/ros/foxy/include/rclcpp/rclcpp.hpp:146[m[K,
[1.945s]                  from [01m[K/home/megekol/git/ros/src/hello/src/hello.cpp:1[m[K:
[1.945s] [01m[K/opt/ros/foxy/include/rclcpp/executors.hpp:45:1:[m[K [01;36m[Knote: [m[Kcandidate: ‘[01m[Kvoid rclcpp::spin(rclcpp::node_interfaces::NodeBaseInterface::SharedPtr)[m[K’
[1.945s]    45 | [01;36m[Kspin[m[K(rclcpp::node_interfaces::NodeBaseInterface::SharedPtr node_ptr);
[1.945s]       | [01;36m[K^~~~[m[K
[1.946s] [01m[K/opt/ros/foxy/include/rclcpp/executors.hpp:45:60:[m[K [01;36m[Knote: [m[K  no known conversion for argument 1 from ‘[01m[Kstd::shared_ptr<MyNode> (*)()[m[K’ to ‘[01m[Krclcpp::node_interfaces::NodeBaseInterface::SharedPtr[m[K’ {aka ‘[01m[Kstd::shared_ptr<rclcpp::node_interfaces::NodeBaseInterface>[m[K’}
[1.946s]    45 | spin([01;36m[Krclcpp::node_interfaces::NodeBaseInterface::SharedPtr node_ptr[m[K);
[1.946s]       |      [01;36m[K~~~~~~~~~~~~~~~~~~~~~~~~~~~~~~~~~~~~~~~~~~~~~~~~~~~~~~^~~~~~~~[m[K
[1.946s] [01m[K/opt/ros/foxy/include/rclcpp/executors.hpp:49:1:[m[K [01;36m[Knote: [m[Kcandidate: ‘[01m[Kvoid rclcpp::spin(rclcpp::Node::SharedPtr)[m[K’
[1.946s]    49 | [01;36m[Kspin[m[K(rclcpp::Node::SharedPtr node_ptr);
[1.946s]       | [01;36m[K^~~~[m[K
[1.946s] [01m[K/opt/ros/foxy/include/rclcpp/executors.hpp:49:30:[m[K [01;36m[Knote: [m[K  no known conversion for argument 1 from ‘[01m[Kstd::shared_ptr<MyNode> (*)()[m[K’ to ‘[01m[Krclcpp::Node::SharedPtr[m[K’ {aka ‘[01m[Kstd::shared_ptr<rclcpp::Node>[m[K’}
[1.947s]    49 | spin([01;36m[Krclcpp::Node::SharedPtr node_ptr[m[K);
[1.947s]       |      [01;36m[K~~~~~~~~~~~~~~~~~~~~~~~~^~~~~~~~[m[K
[2.315s] In file included from [01m[K/usr/include/x86_64-linux-gnu/c++/9/bits/c++allocator.h:33[m[K,
[2.315s]                  from [01m[K/usr/include/c++/9/bits/allocator.h:46[m[K,
[2.316s]                  from [01m[K/usr/include/c++/9/memory:63[m[K,
[2.316s]                  from [01m[K/opt/ros/foxy/include/rclcpp/rclcpp.hpp:144[m[K,
[2.316s]                  from [01m[K/home/megekol/git/ros/src/hello/src/hello.cpp:1[m[K:
[2.316s] /usr/include/c++/9/ext/new_allocator.h: In instantiation of ‘[01m[Kvoid __gnu_cxx::new_allocator<_Tp>::construct(_Up*, _Args&& ...) [with _Up = MyNode; _Args = {}; _Tp = MyNode][m[K’:
[2.316s] [01m[K/usr/include/c++/9/bits/alloc_traits.h:483:4:[m[K   required from ‘[01m[Kstatic void std::allocator_traits<std::allocator<_Tp1> >::construct(std::allocator_traits<std::allocator<_Tp1> >::allocator_type&, _Up*, _Args&& ...) [with _Up = MyNode; _Args = {}; _Tp = MyNode; std::allocator_traits<std::allocator<_Tp1> >::allocator_type = std::allocator<MyNode>][m[K’
[2.316s] [01m[K/usr/include/c++/9/bits/shared_ptr_base.h:548:39:[m[K   required from ‘[01m[Kstd::_Sp_counted_ptr_inplace<_Tp, _Alloc, _Lp>::_Sp_counted_ptr_inplace(_Alloc, _Args&& ...) [with _Args = {}; _Tp = MyNode; _Alloc = std::allocator<MyNode>; __gnu_cxx::_Lock_policy _Lp = __gnu_cxx::_S_atomic][m[K’
[2.316s] [01m[K/usr/include/c++/9/bits/shared_ptr_base.h:679:16:[m[K   required from ‘[01m[Kstd::__shared_count<_Lp>::__shared_count(_Tp*&, std::_Sp_alloc_shared_tag<_Alloc>, _Args&& ...) [with _Tp = MyNode; _Alloc = std::allocator<MyNode>; _Args = {}; __gnu_cxx::_Lock_policy _Lp = __gnu_cxx::_S_atomic][m[K’
[2.317s] [01m[K/usr/include/c++/9/bits/shared_ptr_base.h:1344:71:[m[K   required from ‘[01m[Kstd::__shared_ptr<_Tp, _Lp>::__shared_ptr(std::_Sp_alloc_shared_tag<_Tp>, _Args&& ...) [with _Alloc = std::allocator<MyNode>; _Args = {}; _Tp = MyNode; __gnu_cxx::_Lock_policy _Lp = __gnu_cxx::_S_atomic][m[K’
[2.317s] [01m[K/usr/include/c++/9/bits/shared_ptr.h:359:59:[m[K   required from ‘[01m[Kstd::shared_ptr<_Tp>::shared_ptr(std::_Sp_alloc_shared_tag<_Tp>, _Args&& ...) [with _Alloc = std::allocator<MyNode>; _Args = {}; _Tp = MyNode][m[K’
[2.317s] [01m[K/usr/include/c++/9/bits/shared_ptr.h:701:14:[m[K   required from ‘[01m[Kstd::shared_ptr<_Tp> std::allocate_shared(const _Alloc&, _Args&& ...) [with _Tp = MyNode; _Alloc = std::allocator<MyNode>; _Args = {}][m[K’
[2.317s] [01m[K/usr/include/c++/9/bits/shared_ptr.h:717:39:[m[K   required from ‘[01m[Kstd::shared_ptr<_Tp> std::make_shared(_Args&& ...) [with _Tp = MyNode; _Args = {}][m[K’
[2.317s] [01m[K/home/megekol/git/ros/src/hello/src/hello.cpp:14:19:[m[K   required from here
[2.317s] [01m[K/usr/include/c++/9/ext/new_allocator.h:146:4:[m[K [01;31m[Kerror: [m[Kno matching function for call to ‘[01m[KMyNode::MyNode()[m[K’
[2.317s]   146 |  { [01;31m[K::new((void *)__p) _Up(std::forward<_Args>(__args)...)[m[K; }
[2.317s]       |    [01;31m[K^~~~~~~~~~~~~~~~~~~~~~~~~~~~~~~~~~~~~~~~~~~~~~~~~~~~~~[m[K
[2.318s] [01m[K/home/megekol/git/ros/src/hello/src/hello.cpp:5:3:[m[K [01;36m[Knote: [m[Kcandidate: ‘[01m[KMyNode::MyNode(std::string)[m[K’
[2.318s]     5 |   [01;36m[KMyNode[m[K(std::string name):Node(name)
[2.318s]       |   [01;36m[K^~~~~~[m[K
[2.318s] [01m[K/home/megekol/git/ros/src/hello/src/hello.cpp:5:3:[m[K [01;36m[Knote: [m[K  candidate expects 1 argument, 0 provided
[2.382s] make[2]: *** [CMakeFiles/hello.dir/build.make:63: CMakeFiles/hello.dir/src/hello.cpp.o] Error 1
[2.382s] make[1]: *** [CMakeFiles/Makefile2:105: CMakeFiles/hello.dir/all] Error 2
[2.382s] make: *** [Makefile:141: all] Error 2
[2.385s] Invoked command in '/home/megekol/git/ros/build/hello' returned '2': CMAKE_PREFIX_PATH=/opt/ros/foxy /usr/bin/cmake --build /home/megekol/git/ros/build/hello -- -j4 -l4
