[6.514s] DEBUG:colcon:Command line arguments: ['/usr/bin/colcon', 'build']
[6.515s] DEBUG:colcon:Parsed command line arguments: Namespace(allow_overriding=[], ament_cmake_args=None, base_paths=['.'], build_base='build', catkin_cmake_args=None, catkin_skip_building_tests=False, cmake_args=None, cmake_clean_cache=False, cmake_clean_first=False, cmake_force_configure=False, cmake_target=None, cmake_target_skip_unavailable=False, continue_on_error=False, event_handlers=None, executor='parallel', ignore_user_meta=False, install_base='install', log_base=None, log_level=None, main=<bound method BuildVerb.main of <colcon_core.verb.build.BuildVerb object at 0x7fbe1e476520>>, merge_install=False, metas=['./colcon.meta'], packages_above=None, packages_above_and_dependencies=None, packages_above_depth=None, packages_end=None, packages_ignore=None, packages_ignore_regex=None, packages_select=None, packages_select_build_failed=False, packages_select_by_dep=None, packages_select_regex=None, packages_select_test_failures=False, packages_skip=None, packages_skip_build_finished=False, packages_skip_by_dep=None, packages_skip_regex=None, packages_skip_test_passed=False, packages_skip_up_to=None, packages_start=None, packages_up_to=None, packages_up_to_regex=None, parallel_workers=4, paths=None, symlink_install=False, test_result_base=None, verb_extension=<colcon_core.verb.build.BuildVerb object at 0x7fbe1e476520>, verb_name='build', verb_parser=<colcon_defaults.argument_parser.defaults.DefaultArgumentsDecorator object at 0x7fbe1e4765b0>)
[6.779s] Level 1:colcon.colcon_core.package_discovery:discover_packages(colcon_meta) check parameters
[6.779s] Level 1:colcon.colcon_core.package_discovery:discover_packages(recursive) check parameters
[6.779s] Level 1:colcon.colcon_core.package_discovery:discover_packages(ignore) check parameters
[6.779s] Level 1:colcon.colcon_core.package_discovery:discover_packages(path) check parameters
[6.779s] Level 1:colcon.colcon_core.package_discovery:discover_packages(colcon_meta) discover
[6.779s] Level 1:colcon.colcon_core.package_discovery:discover_packages(recursive) discover
[6.779s] INFO:colcon.colcon_core.package_discovery:Crawling recursively for packages in '/home/megekol/git/ros'
[6.779s] Level 1:colcon.colcon_core.package_identification:_identify(.) by extensions ['ignore', 'ignore_ament_install']
[6.779s] Level 1:colcon.colcon_core.package_identification:_identify(.) by extension 'ignore'
[6.779s] Level 1:colcon.colcon_core.package_identification:_identify(.) by extension 'ignore_ament_install'
[6.780s] Level 1:colcon.colcon_core.package_identification:_identify(.) by extensions ['colcon_pkg']
[6.780s] Level 1:colcon.colcon_core.package_identification:_identify(.) by extension 'colcon_pkg'
[6.780s] Level 1:colcon.colcon_core.package_identification:_identify(.) by extensions ['colcon_meta']
[6.780s] Level 1:colcon.colcon_core.package_identification:_identify(.) by extension 'colcon_meta'
[6.780s] Level 1:colcon.colcon_core.package_identification:_identify(.) by extensions ['ros']
[6.780s] Level 1:colcon.colcon_core.package_identification:_identify(.) by extension 'ros'
[6.793s] Level 1:colcon.colcon_core.package_identification:_identify(.) by extensions ['cmake', 'python']
[6.793s] Level 1:colcon.colcon_core.package_identification:_identify(.) by extension 'cmake'
[6.793s] Level 1:colcon.colcon_core.package_identification:_identify(.) by extension 'python'
[6.793s] Level 1:colcon.colcon_core.package_identification:_identify(.) by extensions ['python_setup_py']
[6.793s] Level 1:colcon.colcon_core.package_identification:_identify(.) by extension 'python_setup_py'
[6.793s] Level 1:colcon.colcon_core.package_identification:_identify(build) by extensions ['ignore', 'ignore_ament_install']
[6.794s] Level 1:colcon.colcon_core.package_identification:_identify(build) by extension 'ignore'
[6.794s] Level 1:colcon.colcon_core.package_identification:_identify(build) ignored
[6.794s] Level 1:colcon.colcon_core.package_identification:_identify(install) by extensions ['ignore', 'ignore_ament_install']
[6.794s] Level 1:colcon.colcon_core.package_identification:_identify(install) by extension 'ignore'
[6.794s] Level 1:colcon.colcon_core.package_identification:_identify(install) ignored
[6.794s] Level 1:colcon.colcon_core.package_identification:_identify(log) by extensions ['ignore', 'ignore_ament_install']
[6.794s] Level 1:colcon.colcon_core.package_identification:_identify(log) by extension 'ignore'
[6.794s] Level 1:colcon.colcon_core.package_identification:_identify(log) ignored
[6.794s] Level 1:colcon.colcon_core.package_identification:_identify(src) by extensions ['ignore', 'ignore_ament_install']
[6.794s] Level 1:colcon.colcon_core.package_identification:_identify(src) by extension 'ignore'
[6.794s] Level 1:colcon.colcon_core.package_identification:_identify(src) by extension 'ignore_ament_install'
[6.794s] Level 1:colcon.colcon_core.package_identification:_identify(src) by extensions ['colcon_pkg']
[6.794s] Level 1:colcon.colcon_core.package_identification:_identify(src) by extension 'colcon_pkg'
[6.794s] Level 1:colcon.colcon_core.package_identification:_identify(src) by extensions ['colcon_meta']
[6.794s] Level 1:colcon.colcon_core.package_identification:_identify(src) by extension 'colcon_meta'
[6.795s] Level 1:colcon.colcon_core.package_identification:_identify(src) by extensions ['ros']
[6.795s] Level 1:colcon.colcon_core.package_identification:_identify(src) by extension 'ros'
[6.795s] Level 1:colcon.colcon_core.package_identification:_identify(src) by extensions ['cmake', 'python']
[6.795s] Level 1:colcon.colcon_core.package_identification:_identify(src) by extension 'cmake'
[6.795s] Level 1:colcon.colcon_core.package_identification:_identify(src) by extension 'python'
[6.795s] Level 1:colcon.colcon_core.package_identification:_identify(src) by extensions ['python_setup_py']
[6.795s] Level 1:colcon.colcon_core.package_identification:_identify(src) by extension 'python_setup_py'
[6.795s] Level 1:colcon.colcon_core.package_identification:_identify(src/hello) by extensions ['ignore', 'ignore_ament_install']
[6.795s] Level 1:colcon.colcon_core.package_identification:_identify(src/hello) by extension 'ignore'
[6.795s] Level 1:colcon.colcon_core.package_identification:_identify(src/hello) by extension 'ignore_ament_install'
[6.795s] Level 1:colcon.colcon_core.package_identification:_identify(src/hello) by extensions ['colcon_pkg']
[6.795s] Level 1:colcon.colcon_core.package_identification:_identify(src/hello) by extension 'colcon_pkg'
[6.795s] Level 1:colcon.colcon_core.package_identification:_identify(src/hello) by extensions ['colcon_meta']
[6.795s] Level 1:colcon.colcon_core.package_identification:_identify(src/hello) by extension 'colcon_meta'
[6.795s] Level 1:colcon.colcon_core.package_identification:_identify(src/hello) by extensions ['ros']
[6.795s] Level 1:colcon.colcon_core.package_identification:_identify(src/hello) by extension 'ros'
[6.798s] DEBUG:colcon.colcon_core.package_identification:Package 'src/hello' with type 'ros.ament_cmake' and name 'hello'
[6.798s] Level 1:colcon.colcon_core.package_discovery:discover_packages(recursive) using defaults
[6.798s] Level 1:colcon.colcon_core.package_discovery:discover_packages(ignore) discover
[6.798s] Level 1:colcon.colcon_core.package_discovery:discover_packages(ignore) using defaults
[6.798s] Level 1:colcon.colcon_core.package_discovery:discover_packages(path) discover
[6.798s] Level 1:colcon.colcon_core.package_discovery:discover_packages(path) using defaults
[7.413s] Level 1:colcon.colcon_core.package_discovery:discover_packages(prefix_path) check parameters
[7.413s] Level 1:colcon.colcon_core.package_discovery:discover_packages(prefix_path) discover
[7.651s] DEBUG:colcon.colcon_installed_package_information.package_discovery:Found 256 installed packages in /opt/ros/foxy
[7.652s] Level 1:colcon.colcon_core.package_discovery:discover_packages(prefix_path) using defaults
[7.968s] Level 5:colcon.colcon_core.verb:set package 'hello' build argument 'cmake_args' from command line to 'None'
[7.968s] Level 5:colcon.colcon_core.verb:set package 'hello' build argument 'cmake_target' from command line to 'None'
[7.968s] Level 5:colcon.colcon_core.verb:set package 'hello' build argument 'cmake_target_skip_unavailable' from command line to 'False'
[7.968s] Level 5:colcon.colcon_core.verb:set package 'hello' build argument 'cmake_clean_cache' from command line to 'False'
[7.968s] Level 5:colcon.colcon_core.verb:set package 'hello' build argument 'cmake_clean_first' from command line to 'False'
[7.968s] Level 5:colcon.colcon_core.verb:set package 'hello' build argument 'cmake_force_configure' from command line to 'False'
[7.968s] Level 5:colcon.colcon_core.verb:set package 'hello' build argument 'ament_cmake_args' from command line to 'None'
[7.968s] Level 5:colcon.colcon_core.verb:set package 'hello' build argument 'catkin_cmake_args' from command line to 'None'
[7.968s] Level 5:colcon.colcon_core.verb:set package 'hello' build argument 'catkin_skip_building_tests' from command line to 'False'
[7.968s] DEBUG:colcon.colcon_core.verb:Building package 'hello' with the following arguments: {'ament_cmake_args': None, 'build_base': '/home/megekol/git/ros/build/hello', 'catkin_cmake_args': None, 'catkin_skip_building_tests': False, 'cmake_args': None, 'cmake_clean_cache': False, 'cmake_clean_first': False, 'cmake_force_configure': False, 'cmake_target': None, 'cmake_target_skip_unavailable': False, 'install_base': '/home/megekol/git/ros/install/hello', 'merge_install': False, 'path': '/home/megekol/git/ros/src/hello', 'symlink_install': False, 'test_result_base': None}
[8.085s] INFO:colcon.colcon_core.executor:Executing jobs using 'parallel' executor
[8.203s] DEBUG:colcon.colcon_parallel_executor.executor.parallel:run_until_complete
[8.204s] INFO:colcon.colcon_ros.task.ament_cmake.build:Building ROS package in '/home/megekol/git/ros/src/hello' with build type 'ament_cmake'
[8.204s] INFO:colcon.colcon_cmake.task.cmake.build:Building CMake package in '/home/megekol/git/ros/src/hello'
[8.329s] INFO:colcon.colcon_core.plugin_system:Skipping extension 'colcon_core.shell.bat': Not used on non-Windows systems
[8.329s] INFO:colcon.colcon_core.shell:Skip shell extension 'powershell' for command environment: Not usable outside of PowerShell
[8.329s] DEBUG:colcon.colcon_core.shell:Skip shell extension 'dsv' for command environment
[8.604s] DEBUG:colcon.colcon_core.event_handler.log_command:Invoking command in '/home/megekol/git/ros/build/hello': CMAKE_PREFIX_PATH=/opt/ros/foxy /usr/bin/cmake /home/megekol/git/ros/src/hello -DCMAKE_INSTALL_PREFIX=/home/megekol/git/ros/install/hello
[10.365s] DEBUG:colcon.colcon_core.event_handler.log_command:Invoked command in '/home/megekol/git/ros/build/hello' returned '0': CMAKE_PREFIX_PATH=/opt/ros/foxy /usr/bin/cmake /home/megekol/git/ros/src/hello -DCMAKE_INSTALL_PREFIX=/home/megekol/git/ros/install/hello
[10.369s] DEBUG:colcon.colcon_core.event_handler.log_command:Invoking command in '/home/megekol/git/ros/build/hello': CMAKE_PREFIX_PATH=/opt/ros/foxy /usr/bin/cmake --build /home/megekol/git/ros/build/hello -- -j4 -l4
[10.548s] DEBUG:colcon.colcon_core.event_handler.log_command:Invoked command in '/home/megekol/git/ros/build/hello' returned '0': CMAKE_PREFIX_PATH=/opt/ros/foxy /usr/bin/cmake --build /home/megekol/git/ros/build/hello -- -j4 -l4
[10.593s] DEBUG:colcon.colcon_core.event_handler.log_command:Invoking command in '/home/megekol/git/ros/build/hello': CMAKE_PREFIX_PATH=/opt/ros/foxy /usr/bin/cmake --install /home/megekol/git/ros/build/hello
[10.606s] Level 1:colcon.colcon_core.environment:create_environment_scripts_only(hello)
[10.607s] DEBUG:colcon.colcon_core.event_handler.log_command:Invoked command in '/home/megekol/git/ros/build/hello' returned '0': CMAKE_PREFIX_PATH=/opt/ros/foxy /usr/bin/cmake --install /home/megekol/git/ros/build/hello
[10.738s] Level 1:colcon.colcon_core.environment:checking '/home/megekol/git/ros/install/hello' for CMake module files
[10.739s] Level 1:colcon.colcon_core.environment:checking '/home/megekol/git/ros/install/hello' for CMake config files
[10.739s] Level 1:colcon.colcon_core.shell:create_environment_hook('hello', 'cmake_prefix_path')
[10.862s] INFO:colcon.colcon_core.shell:Creating environment hook '/home/megekol/git/ros/install/hello/share/hello/hook/cmake_prefix_path.ps1'
[10.863s] INFO:colcon.colcon_core.shell:Creating environment descriptor '/home/megekol/git/ros/install/hello/share/hello/hook/cmake_prefix_path.dsv'
[10.863s] INFO:colcon.colcon_core.shell:Creating environment hook '/home/megekol/git/ros/install/hello/share/hello/hook/cmake_prefix_path.sh'
[10.865s] Level 1:colcon.colcon_core.environment:checking '/home/megekol/git/ros/install/hello/lib'
[10.865s] Level 1:colcon.colcon_core.environment:checking '/home/megekol/git/ros/install/hello/bin'
[10.865s] Level 1:colcon.colcon_core.environment:checking '/home/megekol/git/ros/install/hello/lib/pkgconfig/hello.pc'
[10.865s] Level 1:colcon.colcon_core.environment:checking '/home/megekol/git/ros/install/hello/lib/python3.8/site-packages'
[10.865s] Level 1:colcon.colcon_core.environment:checking '/home/megekol/git/ros/install/hello/bin'
[10.987s] INFO:colcon.colcon_core.shell:Creating package script '/home/megekol/git/ros/install/hello/share/hello/package.ps1'
[10.988s] INFO:colcon.colcon_core.shell:Creating package descriptor '/home/megekol/git/ros/install/hello/share/hello/package.dsv'
[10.989s] INFO:colcon.colcon_core.shell:Creating package script '/home/megekol/git/ros/install/hello/share/hello/package.sh'
[10.990s] INFO:colcon.colcon_core.shell:Creating package script '/home/megekol/git/ros/install/hello/share/hello/package.bash'
[10.991s] INFO:colcon.colcon_core.shell:Creating package script '/home/megekol/git/ros/install/hello/share/hello/package.zsh'
[10.991s] Level 1:colcon.colcon_core.environment:create_file_with_runtime_dependencies(/home/megekol/git/ros/install/hello/share/colcon-core/packages/hello)
[11.145s] Level 1:colcon.colcon_core.environment:create_environment_scripts_only(hello)
[11.268s] Level 1:colcon.colcon_core.environment:checking '/home/megekol/git/ros/install/hello' for CMake module files
[11.269s] Level 1:colcon.colcon_core.environment:checking '/home/megekol/git/ros/install/hello' for CMake config files
[11.269s] Level 1:colcon.colcon_core.shell:create_environment_hook('hello', 'cmake_prefix_path')
[11.389s] INFO:colcon.colcon_core.shell:Creating environment hook '/home/megekol/git/ros/install/hello/share/hello/hook/cmake_prefix_path.ps1'
[11.390s] INFO:colcon.colcon_core.shell:Creating environment descriptor '/home/megekol/git/ros/install/hello/share/hello/hook/cmake_prefix_path.dsv'
[11.390s] INFO:colcon.colcon_core.shell:Creating environment hook '/home/megekol/git/ros/install/hello/share/hello/hook/cmake_prefix_path.sh'
[11.391s] Level 1:colcon.colcon_core.environment:checking '/home/megekol/git/ros/install/hello/lib'
[11.391s] Level 1:colcon.colcon_core.environment:checking '/home/megekol/git/ros/install/hello/bin'
[11.391s] Level 1:colcon.colcon_core.environment:checking '/home/megekol/git/ros/install/hello/lib/pkgconfig/hello.pc'
[11.391s] Level 1:colcon.colcon_core.environment:checking '/home/megekol/git/ros/install/hello/lib/python3.8/site-packages'
[11.391s] Level 1:colcon.colcon_core.environment:checking '/home/megekol/git/ros/install/hello/bin'
[11.513s] INFO:colcon.colcon_core.shell:Creating package script '/home/megekol/git/ros/install/hello/share/hello/package.ps1'
[11.514s] INFO:colcon.colcon_core.shell:Creating package descriptor '/home/megekol/git/ros/install/hello/share/hello/package.dsv'
[11.514s] INFO:colcon.colcon_core.shell:Creating package script '/home/megekol/git/ros/install/hello/share/hello/package.sh'
[11.515s] INFO:colcon.colcon_core.shell:Creating package script '/home/megekol/git/ros/install/hello/share/hello/package.bash'
[11.515s] INFO:colcon.colcon_core.shell:Creating package script '/home/megekol/git/ros/install/hello/share/hello/package.zsh'
[11.516s] Level 1:colcon.colcon_core.environment:create_file_with_runtime_dependencies(/home/megekol/git/ros/install/hello/share/colcon-core/packages/hello)
[11.516s] DEBUG:colcon.colcon_parallel_executor.executor.parallel:closing loop
[11.517s] DEBUG:colcon.colcon_parallel_executor.executor.parallel:loop closed
[11.517s] DEBUG:colcon.colcon_parallel_executor.executor.parallel:run_until_complete finished with '0'
[11.517s] DEBUG:colcon.colcon_core.event_reactor:joining thread
[11.653s] INFO:colcon.colcon_core.plugin_system:Skipping extension 'colcon_notification.desktop_notification.terminal_notifier': Not used on non-Darwin systems
[11.653s] INFO:colcon.colcon_core.plugin_system:Skipping extension 'colcon_notification.desktop_notification.win32': Not used on non-Windows systems
[11.653s] INFO:colcon.colcon_notification.desktop_notification:Sending desktop notification using 'notify2'
[11.671s] DEBUG:colcon.colcon_core.event_reactor:joined thread
[11.813s] INFO:colcon.colcon_core.shell:Creating prefix script '/home/megekol/git/ros/install/local_setup.ps1'
[11.814s] INFO:colcon.colcon_core.shell:Creating prefix util module '/home/megekol/git/ros/install/_local_setup_util_ps1.py'
[11.815s] INFO:colcon.colcon_core.shell:Creating prefix chain script '/home/megekol/git/ros/install/setup.ps1'
[11.941s] INFO:colcon.colcon_core.shell:Creating prefix script '/home/megekol/git/ros/install/local_setup.sh'
[11.942s] INFO:colcon.colcon_core.shell:Creating prefix util module '/home/megekol/git/ros/install/_local_setup_util_sh.py'
[11.943s] INFO:colcon.colcon_core.shell:Creating prefix chain script '/home/megekol/git/ros/install/setup.sh'
[12.063s] INFO:colcon.colcon_core.shell:Creating prefix script '/home/megekol/git/ros/install/local_setup.bash'
[12.063s] INFO:colcon.colcon_core.shell:Creating prefix chain script '/home/megekol/git/ros/install/setup.bash'
[12.186s] INFO:colcon.colcon_core.shell:Creating prefix script '/home/megekol/git/ros/install/local_setup.zsh'
[12.186s] INFO:colcon.colcon_core.shell:Creating prefix chain script '/home/megekol/git/ros/install/setup.zsh'
