[35m[1mScanning dependencies of target hello[0m
[ 50%] [32mBuilding CXX object CMakeFiles/hello.dir/src/hello.cpp.o[0m
[100%] [32m[1mLinking CXX executable hello[0m
[100%] Built target hello
-- Install configuration: ""
-- Up-to-date: /home/megekol/git/ros/install/hello/share/ament_index/resource_index/package_run_dependencies/hello
-- Up-to-date: /home/megekol/git/ros/install/hello/share/ament_index/resource_index/parent_prefix_path/hello
-- Up-to-date: /home/megekol/git/ros/install/hello/share/hello/environment/ament_prefix_path.sh
-- Up-to-date: /home/megekol/git/ros/install/hello/share/hello/environment/ament_prefix_path.dsv
-- Up-to-date: /home/megekol/git/ros/install/hello/share/hello/environment/path.sh
-- Up-to-date: /home/megekol/git/ros/install/hello/share/hello/environment/path.dsv
-- Up-to-date: /home/megekol/git/ros/install/hello/share/hello/local_setup.bash
-- Up-to-date: /home/megekol/git/ros/install/hello/share/hello/local_setup.sh
-- Up-to-date: /home/megekol/git/ros/install/hello/share/hello/local_setup.zsh
-- Up-to-date: /home/megekol/git/ros/install/hello/share/hello/local_setup.dsv
-- Installing: /home/megekol/git/ros/install/hello/share/hello/package.dsv
-- Up-to-date: /home/megekol/git/ros/install/hello/share/ament_index/resource_index/packages/hello
-- Up-to-date: /home/megekol/git/ros/install/hello/share/hello/cmake/helloConfig.cmake
-- Up-to-date: /home/megekol/git/ros/install/hello/share/hello/cmake/helloConfig-version.cmake
-- Up-to-date: /home/megekol/git/ros/install/hello/share/hello/package.xml
-- Installing: /home/megekol/git/ros/install/hello/lib/hello/hello
-- Set runtime path of "/home/megekol/git/ros/install/hello/lib/hello/hello" to ""
