[0.400s] Invoking command in '/home/megekol/git/ros/build/hello': CMAKE_PREFIX_PATH=/opt/ros/foxy /usr/bin/cmake /home/megekol/git/ros/src/hello -DCMAKE_INSTALL_PREFIX=/home/megekol/git/ros/install/hello
[0.464s] -- The C compiler identification is GNU 9.4.0
[0.532s] -- The CXX compiler identification is GNU 9.4.0
[0.537s] -- Check for working C compiler: /usr/bin/cc
[0.622s] -- Check for working C compiler: /usr/bin/cc -- works
[0.623s] -- Detecting C compiler ABI info
[0.704s] -- Detecting C compiler ABI info - done
[0.718s] -- Detecting C compile features
[0.718s] -- Detecting C compile features - done
[0.721s] -- Check for working CXX compiler: /usr/bin/c++
[0.818s] -- Check for working CXX compiler: /usr/bin/c++ -- works
[0.819s] -- Detecting CXX compiler ABI info
[0.915s] -- Detecting CXX compiler ABI info - done
[0.929s] -- Detecting CXX compile features
[0.930s] -- Detecting CXX compile features - done
[0.932s] -- Found ament_cmake: 0.9.12 (/opt/ros/foxy/share/ament_cmake/cmake)
[0.961s] -- Found PythonInterp: /usr/bin/python3 (found suitable version "3.8.10", minimum required is "3") 
[0.961s] -- Using PYTHON_EXECUTABLE: /usr/bin/python3
[1.185s] -- Found rclcpp: 2.4.3 (/opt/ros/foxy/share/rclcpp/cmake)
[1.233s] -- Using all available rosidl_typesupport_c: rosidl_typesupport_fastrtps_c;rosidl_typesupport_introspection_c
[1.241s] -- Found rosidl_adapter: 1.3.1 (/opt/ros/foxy/share/rosidl_adapter/cmake)
[1.325s] -- Found OpenSSL: /usr/lib/x86_64-linux-gnu/libcrypto.so (found version "1.1.1f")  
[1.359s] -- Found FastRTPS: /opt/ros/foxy/include  
[1.456s] -- Using all available rosidl_typesupport_cpp: rosidl_typesupport_fastrtps_cpp;rosidl_typesupport_introspection_cpp
[1.521s] -- Found rmw_implementation_cmake: 1.0.4 (/opt/ros/foxy/share/rmw_implementation_cmake/cmake)
[1.522s] -- Using RMW implementation 'rmw_fastrtps_cpp' as default
[1.524s] -- Looking for pthread.h
[1.613s] -- Looking for pthread.h - found
[1.613s] -- Performing Test CMAKE_HAVE_LIBC_PTHREAD
[1.702s] -- Performing Test CMAKE_HAVE_LIBC_PTHREAD - Failed
[1.702s] -- Looking for pthread_create in pthreads
[1.772s] -- Looking for pthread_create in pthreads - not found
[1.773s] -- Looking for pthread_create in pthread
[1.860s] -- Looking for pthread_create in pthread - found
[1.861s] -- Found Threads: TRUE  
[2.048s] -- Found ament_lint_auto: 0.9.8 (/opt/ros/foxy/share/ament_lint_auto/cmake)
[2.132s] -- Added test 'copyright' to check source files copyright and LICENSE
[2.134s] -- Added test 'cppcheck' to perform static code analysis on C / C++ code
[2.134s] -- Configured cppcheck include dirs: 
[2.134s] -- Configured cppcheck exclude dirs and/or files: 
[2.135s] -- Added test 'cpplint' to check C / C++ code against the Google style
[2.135s] -- Configured cpplint exclude dirs and/or files: 
[2.136s] -- Added test 'lint_cmake' to check CMake code style
[2.137s] -- Added test 'uncrustify' to check C / C++ code style
[2.137s] -- Configured uncrustify additional arguments: 
[2.138s] -- Added test 'xmllint' to check XML markup files
[2.142s] -- Configuring done
[2.150s] -- Generating done
[2.152s] -- Build files have been written to: /home/megekol/git/ros/build/hello
[2.161s] Invoked command in '/home/megekol/git/ros/build/hello' returned '0': CMAKE_PREFIX_PATH=/opt/ros/foxy /usr/bin/cmake /home/megekol/git/ros/src/hello -DCMAKE_INSTALL_PREFIX=/home/megekol/git/ros/install/hello
[2.165s] Invoking command in '/home/megekol/git/ros/build/hello': CMAKE_PREFIX_PATH=/opt/ros/foxy /usr/bin/cmake --build /home/megekol/git/ros/build/hello -- -j4 -l4
[2.214s] [35m[1mScanning dependencies of target hello[0m
[2.228s] [ 50%] [32mBuilding CXX object CMakeFiles/hello.dir/src/hello.cpp.o[0m
[2.239s] [01m[K/home/megekol/git/ros/src/hello/src/hello.cpp:[m[K In function ‘[01m[Kint main(int, char**)[m[K’:
[2.239s] [01m[K/home/megekol/git/ros/src/hello/src/hello.cpp:1:14:[m[K [01;35m[Kwarning: [m[Kunused parameter ‘[01m[Kargc[m[K’ [[01;35m[K-Wunused-parameter[m[K]
[2.239s]     1 | int main([01;35m[Kint argc[m[K, char**argv)
[2.239s]       |          [01;35m[K~~~~^~~~[m[K
[2.239s] [01m[K/home/megekol/git/ros/src/hello/src/hello.cpp:1:26:[m[K [01;35m[Kwarning: [m[Kunused parameter ‘[01m[Kargv[m[K’ [[01;35m[K-Wunused-parameter[m[K]
[2.239s]     1 | int main(int argc, [01;35m[Kchar**argv[m[K)
[2.239s]       |                    [01;35m[K~~~~~~^~~~[m[K
[2.261s] [100%] [32m[1mLinking CXX executable hello[0m
[2.330s] [100%] Built target hello
[2.345s] Invoked command in '/home/megekol/git/ros/build/hello' returned '0': CMAKE_PREFIX_PATH=/opt/ros/foxy /usr/bin/cmake --build /home/megekol/git/ros/build/hello -- -j4 -l4
[2.389s] Invoking command in '/home/megekol/git/ros/build/hello': CMAKE_PREFIX_PATH=/opt/ros/foxy /usr/bin/cmake --install /home/megekol/git/ros/build/hello
[2.398s] -- Install configuration: ""
[2.398s] -- Installing: /home/megekol/git/ros/install/hello/share/ament_index/resource_index/package_run_dependencies/hello
[2.398s] -- Installing: /home/megekol/git/ros/install/hello/share/ament_index/resource_index/parent_prefix_path/hello
[2.399s] -- Installing: /home/megekol/git/ros/install/hello/share/hello/environment/ament_prefix_path.sh
[2.399s] -- Installing: /home/megekol/git/ros/install/hello/share/hello/environment/ament_prefix_path.dsv
[2.399s] -- Installing: /home/megekol/git/ros/install/hello/share/hello/environment/path.sh
[2.399s] -- Installing: /home/megekol/git/ros/install/hello/share/hello/environment/path.dsv
[2.399s] -- Installing: /home/megekol/git/ros/install/hello/share/hello/local_setup.bash
[2.399s] -- Installing: /home/megekol/git/ros/install/hello/share/hello/local_setup.sh
[2.400s] -- Installing: /home/megekol/git/ros/install/hello/share/hello/local_setup.zsh
[2.400s] -- Installing: /home/megekol/git/ros/install/hello/share/hello/local_setup.dsv
[2.400s] -- Installing: /home/megekol/git/ros/install/hello/share/hello/package.dsv
[2.400s] -- Installing: /home/megekol/git/ros/install/hello/share/ament_index/resource_index/packages/hello
[2.400s] -- Installing: /home/megekol/git/ros/install/hello/share/hello/cmake/helloConfig.cmake
[2.400s] -- Installing: /home/megekol/git/ros/install/hello/share/hello/cmake/helloConfig-version.cmake
[2.401s] -- Installing: /home/megekol/git/ros/install/hello/share/hello/package.xml
[2.401s] -- Installing: /home/megekol/git/ros/install/hello/lib/hello/hello
[2.401s] -- Set runtime path of "/home/megekol/git/ros/install/hello/lib/hello/hello" to ""
[2.403s] Invoked command in '/home/megekol/git/ros/build/hello' returned '0': CMAKE_PREFIX_PATH=/opt/ros/foxy /usr/bin/cmake --install /home/megekol/git/ros/build/hello
