[6.662s] DEBUG:colcon:Command line arguments: ['/usr/bin/colcon', 'build']
[6.662s] DEBUG:colcon:Parsed command line arguments: Namespace(allow_overriding=[], ament_cmake_args=None, base_paths=['.'], build_base='build', catkin_cmake_args=None, catkin_skip_building_tests=False, cmake_args=None, cmake_clean_cache=False, cmake_clean_first=False, cmake_force_configure=False, cmake_target=None, cmake_target_skip_unavailable=False, continue_on_error=False, event_handlers=None, executor='parallel', ignore_user_meta=False, install_base='install', log_base=None, log_level=None, main=<bound method BuildVerb.main of <colcon_core.verb.build.BuildVerb object at 0x7f8d620e01f0>>, merge_install=False, metas=['./colcon.meta'], packages_above=None, packages_above_and_dependencies=None, packages_above_depth=None, packages_end=None, packages_ignore=None, packages_ignore_regex=None, packages_select=None, packages_select_build_failed=False, packages_select_by_dep=None, packages_select_regex=None, packages_select_test_failures=False, packages_skip=None, packages_skip_build_finished=False, packages_skip_by_dep=None, packages_skip_regex=None, packages_skip_test_passed=False, packages_skip_up_to=None, packages_start=None, packages_up_to=None, packages_up_to_regex=None, parallel_workers=4, paths=None, symlink_install=False, test_result_base=None, verb_extension=<colcon_core.verb.build.BuildVerb object at 0x7f8d620e01f0>, verb_name='build', verb_parser=<colcon_defaults.argument_parser.defaults.DefaultArgumentsDecorator object at 0x7f8d620e0cd0>)
[6.928s] Level 1:colcon.colcon_core.package_discovery:discover_packages(colcon_meta) check parameters
[6.928s] Level 1:colcon.colcon_core.package_discovery:discover_packages(recursive) check parameters
[6.928s] Level 1:colcon.colcon_core.package_discovery:discover_packages(ignore) check parameters
[6.928s] Level 1:colcon.colcon_core.package_discovery:discover_packages(path) check parameters
[6.928s] Level 1:colcon.colcon_core.package_discovery:discover_packages(colcon_meta) discover
[6.928s] Level 1:colcon.colcon_core.package_discovery:discover_packages(recursive) discover
[6.928s] INFO:colcon.colcon_core.package_discovery:Crawling recursively for packages in '/home/megekol/git/ros'
[6.928s] Level 1:colcon.colcon_core.package_identification:_identify(.) by extensions ['ignore', 'ignore_ament_install']
[6.929s] Level 1:colcon.colcon_core.package_identification:_identify(.) by extension 'ignore'
[6.929s] Level 1:colcon.colcon_core.package_identification:_identify(.) by extension 'ignore_ament_install'
[6.929s] Level 1:colcon.colcon_core.package_identification:_identify(.) by extensions ['colcon_pkg']
[6.929s] Level 1:colcon.colcon_core.package_identification:_identify(.) by extension 'colcon_pkg'
[6.929s] Level 1:colcon.colcon_core.package_identification:_identify(.) by extensions ['colcon_meta']
[6.929s] Level 1:colcon.colcon_core.package_identification:_identify(.) by extension 'colcon_meta'
[6.929s] Level 1:colcon.colcon_core.package_identification:_identify(.) by extensions ['ros']
[6.929s] Level 1:colcon.colcon_core.package_identification:_identify(.) by extension 'ros'
[6.942s] Level 1:colcon.colcon_core.package_identification:_identify(.) by extensions ['cmake', 'python']
[6.942s] Level 1:colcon.colcon_core.package_identification:_identify(.) by extension 'cmake'
[6.942s] Level 1:colcon.colcon_core.package_identification:_identify(.) by extension 'python'
[6.942s] Level 1:colcon.colcon_core.package_identification:_identify(.) by extensions ['python_setup_py']
[6.942s] Level 1:colcon.colcon_core.package_identification:_identify(.) by extension 'python_setup_py'
[6.942s] Level 1:colcon.colcon_core.package_identification:_identify(build) by extensions ['ignore', 'ignore_ament_install']
[6.942s] Level 1:colcon.colcon_core.package_identification:_identify(build) by extension 'ignore'
[6.942s] Level 1:colcon.colcon_core.package_identification:_identify(build) ignored
[6.943s] Level 1:colcon.colcon_core.package_identification:_identify(install) by extensions ['ignore', 'ignore_ament_install']
[6.943s] Level 1:colcon.colcon_core.package_identification:_identify(install) by extension 'ignore'
[6.943s] Level 1:colcon.colcon_core.package_identification:_identify(install) ignored
[6.943s] Level 1:colcon.colcon_core.package_identification:_identify(log) by extensions ['ignore', 'ignore_ament_install']
[6.943s] Level 1:colcon.colcon_core.package_identification:_identify(log) by extension 'ignore'
[6.943s] Level 1:colcon.colcon_core.package_identification:_identify(log) ignored
[6.943s] Level 1:colcon.colcon_core.package_identification:_identify(src) by extensions ['ignore', 'ignore_ament_install']
[6.943s] Level 1:colcon.colcon_core.package_identification:_identify(src) by extension 'ignore'
[6.943s] Level 1:colcon.colcon_core.package_identification:_identify(src) by extension 'ignore_ament_install'
[6.943s] Level 1:colcon.colcon_core.package_identification:_identify(src) by extensions ['colcon_pkg']
[6.943s] Level 1:colcon.colcon_core.package_identification:_identify(src) by extension 'colcon_pkg'
[6.943s] Level 1:colcon.colcon_core.package_identification:_identify(src) by extensions ['colcon_meta']
[6.943s] Level 1:colcon.colcon_core.package_identification:_identify(src) by extension 'colcon_meta'
[6.943s] Level 1:colcon.colcon_core.package_identification:_identify(src) by extensions ['ros']
[6.943s] Level 1:colcon.colcon_core.package_identification:_identify(src) by extension 'ros'
[6.943s] Level 1:colcon.colcon_core.package_identification:_identify(src) by extensions ['cmake', 'python']
[6.944s] Level 1:colcon.colcon_core.package_identification:_identify(src) by extension 'cmake'
[6.944s] Level 1:colcon.colcon_core.package_identification:_identify(src) by extension 'python'
[6.944s] Level 1:colcon.colcon_core.package_identification:_identify(src) by extensions ['python_setup_py']
[6.944s] Level 1:colcon.colcon_core.package_identification:_identify(src) by extension 'python_setup_py'
[6.944s] Level 1:colcon.colcon_core.package_identification:_identify(src/hello) by extensions ['ignore', 'ignore_ament_install']
[6.944s] Level 1:colcon.colcon_core.package_identification:_identify(src/hello) by extension 'ignore'
[6.944s] Level 1:colcon.colcon_core.package_identification:_identify(src/hello) by extension 'ignore_ament_install'
[6.944s] Level 1:colcon.colcon_core.package_identification:_identify(src/hello) by extensions ['colcon_pkg']
[6.944s] Level 1:colcon.colcon_core.package_identification:_identify(src/hello) by extension 'colcon_pkg'
[6.944s] Level 1:colcon.colcon_core.package_identification:_identify(src/hello) by extensions ['colcon_meta']
[6.944s] Level 1:colcon.colcon_core.package_identification:_identify(src/hello) by extension 'colcon_meta'
[6.944s] Level 1:colcon.colcon_core.package_identification:_identify(src/hello) by extensions ['ros']
[6.944s] Level 1:colcon.colcon_core.package_identification:_identify(src/hello) by extension 'ros'
[6.947s] DEBUG:colcon.colcon_core.package_identification:Package 'src/hello' with type 'ros.ament_cmake' and name 'hello'
[6.947s] Level 1:colcon.colcon_core.package_discovery:discover_packages(recursive) using defaults
[6.947s] Level 1:colcon.colcon_core.package_discovery:discover_packages(ignore) discover
[6.947s] Level 1:colcon.colcon_core.package_discovery:discover_packages(ignore) using defaults
[6.947s] Level 1:colcon.colcon_core.package_discovery:discover_packages(path) discover
[6.947s] Level 1:colcon.colcon_core.package_discovery:discover_packages(path) using defaults
[7.578s] Level 1:colcon.colcon_core.package_discovery:discover_packages(prefix_path) check parameters
[7.579s] Level 1:colcon.colcon_core.package_discovery:discover_packages(prefix_path) discover
[7.821s] DEBUG:colcon.colcon_installed_package_information.package_discovery:Found 256 installed packages in /opt/ros/foxy
[7.822s] Level 1:colcon.colcon_core.package_discovery:discover_packages(prefix_path) using defaults
[8.137s] Level 5:colcon.colcon_core.verb:set package 'hello' build argument 'cmake_args' from command line to 'None'
[8.137s] Level 5:colcon.colcon_core.verb:set package 'hello' build argument 'cmake_target' from command line to 'None'
[8.137s] Level 5:colcon.colcon_core.verb:set package 'hello' build argument 'cmake_target_skip_unavailable' from command line to 'False'
[8.137s] Level 5:colcon.colcon_core.verb:set package 'hello' build argument 'cmake_clean_cache' from command line to 'False'
[8.137s] Level 5:colcon.colcon_core.verb:set package 'hello' build argument 'cmake_clean_first' from command line to 'False'
[8.137s] Level 5:colcon.colcon_core.verb:set package 'hello' build argument 'cmake_force_configure' from command line to 'False'
[8.138s] Level 5:colcon.colcon_core.verb:set package 'hello' build argument 'ament_cmake_args' from command line to 'None'
[8.138s] Level 5:colcon.colcon_core.verb:set package 'hello' build argument 'catkin_cmake_args' from command line to 'None'
[8.138s] Level 5:colcon.colcon_core.verb:set package 'hello' build argument 'catkin_skip_building_tests' from command line to 'False'
[8.138s] DEBUG:colcon.colcon_core.verb:Building package 'hello' with the following arguments: {'ament_cmake_args': None, 'build_base': '/home/megekol/git/ros/build/hello', 'catkin_cmake_args': None, 'catkin_skip_building_tests': False, 'cmake_args': None, 'cmake_clean_cache': False, 'cmake_clean_first': False, 'cmake_force_configure': False, 'cmake_target': None, 'cmake_target_skip_unavailable': False, 'install_base': '/home/megekol/git/ros/install/hello', 'merge_install': False, 'path': '/home/megekol/git/ros/src/hello', 'symlink_install': False, 'test_result_base': None}
[8.255s] INFO:colcon.colcon_core.executor:Executing jobs using 'parallel' executor
[8.375s] DEBUG:colcon.colcon_parallel_executor.executor.parallel:run_until_complete
[8.376s] INFO:colcon.colcon_ros.task.ament_cmake.build:Building ROS package in '/home/megekol/git/ros/src/hello' with build type 'ament_cmake'
[8.376s] INFO:colcon.colcon_cmake.task.cmake.build:Building CMake package in '/home/megekol/git/ros/src/hello'
[8.508s] INFO:colcon.colcon_core.plugin_system:Skipping extension 'colcon_core.shell.bat': Not used on non-Windows systems
[8.509s] INFO:colcon.colcon_core.shell:Skip shell extension 'powershell' for command environment: Not usable outside of PowerShell
[8.509s] DEBUG:colcon.colcon_core.shell:Skip shell extension 'dsv' for command environment
[8.784s] DEBUG:colcon.colcon_core.event_handler.log_command:Invoking command in '/home/megekol/git/ros/build/hello': CMAKE_PREFIX_PATH=/opt/ros/foxy /usr/bin/cmake --build /home/megekol/git/ros/build/hello -- -j4 -l4
[10.761s] DEBUG:colcon.colcon_core.event_handler.log_command:Invoked command in '/home/megekol/git/ros/build/hello' returned '2': CMAKE_PREFIX_PATH=/opt/ros/foxy /usr/bin/cmake --build /home/megekol/git/ros/build/hello -- -j4 -l4
[10.920s] Level 1:colcon.colcon_core.environment:create_environment_scripts_only(hello)
[11.049s] Level 1:colcon.colcon_core.environment:checking '/home/megekol/git/ros/install/hello' for CMake module files
[11.050s] Level 1:colcon.colcon_core.environment:checking '/home/megekol/git/ros/install/hello' for CMake config files
[11.050s] Level 1:colcon.colcon_core.shell:create_environment_hook('hello', 'cmake_prefix_path')
[11.174s] INFO:colcon.colcon_core.shell:Creating environment hook '/home/megekol/git/ros/install/hello/share/hello/hook/cmake_prefix_path.ps1'
[11.175s] INFO:colcon.colcon_core.shell:Creating environment descriptor '/home/megekol/git/ros/install/hello/share/hello/hook/cmake_prefix_path.dsv'
[11.176s] INFO:colcon.colcon_core.shell:Creating environment hook '/home/megekol/git/ros/install/hello/share/hello/hook/cmake_prefix_path.sh'
[11.177s] Level 1:colcon.colcon_core.environment:checking '/home/megekol/git/ros/install/hello/lib'
[11.177s] Level 1:colcon.colcon_core.environment:checking '/home/megekol/git/ros/install/hello/bin'
[11.177s] Level 1:colcon.colcon_core.environment:checking '/home/megekol/git/ros/install/hello/lib/pkgconfig/hello.pc'
[11.178s] Level 1:colcon.colcon_core.environment:checking '/home/megekol/git/ros/install/hello/lib/python3.8/site-packages'
[11.178s] Level 1:colcon.colcon_core.environment:checking '/home/megekol/git/ros/install/hello/bin'
[11.302s] INFO:colcon.colcon_core.shell:Creating package script '/home/megekol/git/ros/install/hello/share/hello/package.ps1'
[11.303s] INFO:colcon.colcon_core.shell:Creating package descriptor '/home/megekol/git/ros/install/hello/share/hello/package.dsv'
[11.304s] INFO:colcon.colcon_core.shell:Creating package script '/home/megekol/git/ros/install/hello/share/hello/package.sh'
[11.305s] INFO:colcon.colcon_core.shell:Creating package script '/home/megekol/git/ros/install/hello/share/hello/package.bash'
[11.306s] INFO:colcon.colcon_core.shell:Creating package script '/home/megekol/git/ros/install/hello/share/hello/package.zsh'
[11.307s] Level 1:colcon.colcon_core.environment:create_file_with_runtime_dependencies(/home/megekol/git/ros/install/hello/share/colcon-core/packages/hello)
[11.317s] DEBUG:colcon.colcon_parallel_executor.executor.parallel:closing loop
[11.318s] DEBUG:colcon.colcon_parallel_executor.executor.parallel:loop closed
[11.318s] DEBUG:colcon.colcon_parallel_executor.executor.parallel:run_until_complete finished with '2'
[11.318s] DEBUG:colcon.colcon_core.event_reactor:joining thread
[11.459s] INFO:colcon.colcon_core.plugin_system:Skipping extension 'colcon_notification.desktop_notification.terminal_notifier': Not used on non-Darwin systems
[11.459s] INFO:colcon.colcon_core.plugin_system:Skipping extension 'colcon_notification.desktop_notification.win32': Not used on non-Windows systems
[11.459s] INFO:colcon.colcon_notification.desktop_notification:Sending desktop notification using 'notify2'
[11.476s] DEBUG:colcon.colcon_core.event_reactor:joined thread
[11.617s] INFO:colcon.colcon_core.shell:Creating prefix script '/home/megekol/git/ros/install/local_setup.ps1'
[11.618s] INFO:colcon.colcon_core.shell:Creating prefix util module '/home/megekol/git/ros/install/_local_setup_util_ps1.py'
[11.619s] INFO:colcon.colcon_core.shell:Creating prefix chain script '/home/megekol/git/ros/install/setup.ps1'
[11.750s] INFO:colcon.colcon_core.shell:Creating prefix script '/home/megekol/git/ros/install/local_setup.sh'
[11.751s] INFO:colcon.colcon_core.shell:Creating prefix util module '/home/megekol/git/ros/install/_local_setup_util_sh.py'
[11.752s] INFO:colcon.colcon_core.shell:Creating prefix chain script '/home/megekol/git/ros/install/setup.sh'
[11.878s] INFO:colcon.colcon_core.shell:Creating prefix script '/home/megekol/git/ros/install/local_setup.bash'
[11.879s] INFO:colcon.colcon_core.shell:Creating prefix chain script '/home/megekol/git/ros/install/setup.bash'
[12.002s] INFO:colcon.colcon_core.shell:Creating prefix script '/home/megekol/git/ros/install/local_setup.zsh'
[12.002s] INFO:colcon.colcon_core.shell:Creating prefix chain script '/home/megekol/git/ros/install/setup.zsh'
